C:\USERS\администратор\DOCUMENTS\VISUAL STUDIO 2012\PROJECTS\HALFLIFELAUNCHER\HALFLIFELAUNCHER\DEBUG\.NETFRAMEWORK,VERSION=V4.5.ASSEMBLYATTRIBUTES.OBJ
C:\USERS\АДМИНИСТРАТОР\DOCUMENTS\VISUAL STUDIO 2012\PROJECTS\HALFLIFELAUNCHER\HALFLIFELAUNCHER\DEBUG\VC110.PDB
C:\USERS\администратор\DOCUMENTS\VISUAL STUDIO 2012\PROJECTS\HALFLIFELAUNCHER\HALFLIFELAUNCHER\DEBUG\MAIN.OBJ
c:\Users\администратор\documents\visual studio 2012\Projects\HalfLifeLauncher\HalfLifeLauncher\Debug\HalfLifeLauncher.main.resources
C:\USERS\администратор\DOCUMENTS\VISUAL STUDIO 2012\PROJECTS\HALFLIFELAUNCHER\DEBUG\HALFLIFELAUNCHER.ILK
C:\USERS\администратор\DOCUMENTS\VISUAL STUDIO 2012\PROJECTS\HALFLIFELAUNCHER\DEBUG\HALFLIFELAUNCHER.EXE
C:\USERS\АДМИНИСТРАТОР\DOCUMENTS\VISUAL STUDIO 2012\PROJECTS\HALFLIFELAUNCHER\DEBUG\HALFLIFELAUNCHER.PDB
c:\Users\администратор\documents\visual studio 2012\Projects\HalfLifeLauncher\HalfLifeLauncher\Debug\HalfLifeLauncher.vcxproj.GenerateResource.Cache
c:\Users\администратор\documents\visual studio 2012\Projects\HalfLifeLauncher\HalfLifeLauncher\Debug\HalfLifeLauncher.vcxprojResolveAssemblyReference.cache
c:\Users\администратор\documents\visual studio 2012\Projects\HalfLifeLauncher\HalfLifeLauncher\Debug\.NETFramework,Version=v4.5.AssemblyAttributes.obj
c:\Users\администратор\documents\visual studio 2012\Projects\HalfLifeLauncher\HalfLifeLauncher\Debug\main.obj
c:\Users\администратор\documents\visual studio 2012\Projects\HalfLifeLauncher\HalfLifeLauncher\Debug\cl.command.1.tlog
c:\Users\администратор\documents\visual studio 2012\Projects\HalfLifeLauncher\HalfLifeLauncher\Debug\CL.read.1.tlog
c:\Users\администратор\documents\visual studio 2012\Projects\HalfLifeLauncher\HalfLifeLauncher\Debug\CL.write.1.tlog
c:\Users\администратор\documents\visual studio 2012\Projects\HalfLifeLauncher\HalfLifeLauncher\Debug\HalfLifeLauncher.write.1.tlog
c:\Users\администратор\documents\visual studio 2012\Projects\HalfLifeLauncher\HalfLifeLauncher\Debug\link.1008-cvtres.read.1.tlog
c:\Users\администратор\documents\visual studio 2012\Projects\HalfLifeLauncher\HalfLifeLauncher\Debug\link.1008-cvtres.write.1.tlog
c:\Users\администратор\documents\visual studio 2012\Projects\HalfLifeLauncher\HalfLifeLauncher\Debug\link.1008-rc.read.1.tlog
c:\Users\администратор\documents\visual studio 2012\Projects\HalfLifeLauncher\HalfLifeLauncher\Debug\link.1008-rc.write.1.tlog
c:\Users\администратор\documents\visual studio 2012\Projects\HalfLifeLauncher\HalfLifeLauncher\Debug\link.1008.read.1.tlog
c:\Users\администратор\documents\visual studio 2012\Projects\HalfLifeLauncher\HalfLifeLauncher\Debug\link.1008.write.1.tlog
c:\Users\администратор\documents\visual studio 2012\Projects\HalfLifeLauncher\HalfLifeLauncher\Debug\link.1392-cvtres.read.1.tlog
c:\Users\администратор\documents\visual studio 2012\Projects\HalfLifeLauncher\HalfLifeLauncher\Debug\link.1392-cvtres.write.1.tlog
c:\Users\администратор\documents\visual studio 2012\Projects\HalfLifeLauncher\HalfLifeLauncher\Debug\link.1392-rc.read.1.tlog
c:\Users\администратор\documents\visual studio 2012\Projects\HalfLifeLauncher\HalfLifeLauncher\Debug\link.1392-rc.write.1.tlog
c:\Users\администратор\documents\visual studio 2012\Projects\HalfLifeLauncher\HalfLifeLauncher\Debug\link.1392.read.1.tlog
c:\Users\администратор\documents\visual studio 2012\Projects\HalfLifeLauncher\HalfLifeLauncher\Debug\link.1392.write.1.tlog
c:\Users\администратор\documents\visual studio 2012\Projects\HalfLifeLauncher\HalfLifeLauncher\Debug\link.1476-cvtres.read.1.tlog
c:\Users\администратор\documents\visual studio 2012\Projects\HalfLifeLauncher\HalfLifeLauncher\Debug\link.1476-cvtres.write.1.tlog
c:\Users\администратор\documents\visual studio 2012\Projects\HalfLifeLauncher\HalfLifeLauncher\Debug\link.1476-rc.read.1.tlog
c:\Users\администратор\documents\visual studio 2012\Projects\HalfLifeLauncher\HalfLifeLauncher\Debug\link.1476-rc.write.1.tlog
c:\Users\администратор\documents\visual studio 2012\Projects\HalfLifeLauncher\HalfLifeLauncher\Debug\link.1476.read.1.tlog
c:\Users\администратор\documents\visual studio 2012\Projects\HalfLifeLauncher\HalfLifeLauncher\Debug\link.1476.write.1.tlog
c:\Users\администратор\documents\visual studio 2012\Projects\HalfLifeLauncher\HalfLifeLauncher\Debug\link.1580-cvtres.read.1.tlog
c:\Users\администратор\documents\visual studio 2012\Projects\HalfLifeLauncher\HalfLifeLauncher\Debug\link.1580-cvtres.write.1.tlog
c:\Users\администратор\documents\visual studio 2012\Projects\HalfLifeLauncher\HalfLifeLauncher\Debug\link.1580-rc.read.1.tlog
c:\Users\администратор\documents\visual studio 2012\Projects\HalfLifeLauncher\HalfLifeLauncher\Debug\link.1580-rc.write.1.tlog
c:\Users\администратор\documents\visual studio 2012\Projects\HalfLifeLauncher\HalfLifeLauncher\Debug\link.1580.read.1.tlog
c:\Users\администратор\documents\visual studio 2012\Projects\HalfLifeLauncher\HalfLifeLauncher\Debug\link.1580.write.1.tlog
c:\Users\администратор\documents\visual studio 2012\Projects\HalfLifeLauncher\HalfLifeLauncher\Debug\link.2088-cvtres.read.1.tlog
c:\Users\администратор\documents\visual studio 2012\Projects\HalfLifeLauncher\HalfLifeLauncher\Debug\link.2088-cvtres.write.1.tlog
c:\Users\администратор\documents\visual studio 2012\Projects\HalfLifeLauncher\HalfLifeLauncher\Debug\link.2088-rc.read.1.tlog
c:\Users\администратор\documents\visual studio 2012\Projects\HalfLifeLauncher\HalfLifeLauncher\Debug\link.2088-rc.write.1.tlog
c:\Users\администратор\documents\visual studio 2012\Projects\HalfLifeLauncher\HalfLifeLauncher\Debug\link.2088.read.1.tlog
c:\Users\администратор\documents\visual studio 2012\Projects\HalfLifeLauncher\HalfLifeLauncher\Debug\link.2088.write.1.tlog
c:\Users\администратор\documents\visual studio 2012\Projects\HalfLifeLauncher\HalfLifeLauncher\Debug\link.2860-cvtres.read.1.tlog
c:\Users\администратор\documents\visual studio 2012\Projects\HalfLifeLauncher\HalfLifeLauncher\Debug\link.2860-cvtres.write.1.tlog
c:\Users\администратор\documents\visual studio 2012\Projects\HalfLifeLauncher\HalfLifeLauncher\Debug\link.2860-rc.read.1.tlog
c:\Users\администратор\documents\visual studio 2012\Projects\HalfLifeLauncher\HalfLifeLauncher\Debug\link.2860-rc.write.1.tlog
c:\Users\администратор\documents\visual studio 2012\Projects\HalfLifeLauncher\HalfLifeLauncher\Debug\link.2860.read.1.tlog
c:\Users\администратор\documents\visual studio 2012\Projects\HalfLifeLauncher\HalfLifeLauncher\Debug\link.2860.write.1.tlog
c:\Users\администратор\documents\visual studio 2012\Projects\HalfLifeLauncher\HalfLifeLauncher\Debug\link.3368-cvtres.read.1.tlog
c:\Users\администратор\documents\visual studio 2012\Projects\HalfLifeLauncher\HalfLifeLauncher\Debug\link.3368-cvtres.write.1.tlog
c:\Users\администратор\documents\visual studio 2012\Projects\HalfLifeLauncher\HalfLifeLauncher\Debug\link.3368-rc.read.1.tlog
c:\Users\администратор\documents\visual studio 2012\Projects\HalfLifeLauncher\HalfLifeLauncher\Debug\link.3368-rc.write.1.tlog
c:\Users\администратор\documents\visual studio 2012\Projects\HalfLifeLauncher\HalfLifeLauncher\Debug\link.3368.read.1.tlog
c:\Users\администратор\documents\visual studio 2012\Projects\HalfLifeLauncher\HalfLifeLauncher\Debug\link.3368.write.1.tlog
c:\Users\администратор\documents\visual studio 2012\Projects\HalfLifeLauncher\HalfLifeLauncher\Debug\link.3524-cvtres.read.1.tlog
c:\Users\администратор\documents\visual studio 2012\Projects\HalfLifeLauncher\HalfLifeLauncher\Debug\link.3524-cvtres.write.1.tlog
c:\Users\администратор\documents\visual studio 2012\Projects\HalfLifeLauncher\HalfLifeLauncher\Debug\link.3524-rc.read.1.tlog
c:\Users\администратор\documents\visual studio 2012\Projects\HalfLifeLauncher\HalfLifeLauncher\Debug\link.3524-rc.write.1.tlog
c:\Users\администратор\documents\visual studio 2012\Projects\HalfLifeLauncher\HalfLifeLauncher\Debug\link.3524.read.1.tlog
c:\Users\администратор\documents\visual studio 2012\Projects\HalfLifeLauncher\HalfLifeLauncher\Debug\link.3524.write.1.tlog
c:\Users\администратор\documents\visual studio 2012\Projects\HalfLifeLauncher\HalfLifeLauncher\Debug\link.3612-cvtres.read.1.tlog
c:\Users\администратор\documents\visual studio 2012\Projects\HalfLifeLauncher\HalfLifeLauncher\Debug\link.3612-cvtres.write.1.tlog
c:\Users\администратор\documents\visual studio 2012\Projects\HalfLifeLauncher\HalfLifeLauncher\Debug\link.3612-rc.read.1.tlog
c:\Users\администратор\documents\visual studio 2012\Projects\HalfLifeLauncher\HalfLifeLauncher\Debug\link.3612-rc.write.1.tlog
c:\Users\администратор\documents\visual studio 2012\Projects\HalfLifeLauncher\HalfLifeLauncher\Debug\link.3612.read.1.tlog
c:\Users\администратор\documents\visual studio 2012\Projects\HalfLifeLauncher\HalfLifeLauncher\Debug\link.3612.write.1.tlog
c:\Users\администратор\documents\visual studio 2012\Projects\HalfLifeLauncher\HalfLifeLauncher\Debug\link.3744-cvtres.read.1.tlog
c:\Users\администратор\documents\visual studio 2012\Projects\HalfLifeLauncher\HalfLifeLauncher\Debug\link.3744-cvtres.write.1.tlog
c:\Users\администратор\documents\visual studio 2012\Projects\HalfLifeLauncher\HalfLifeLauncher\Debug\link.3744-rc.read.1.tlog
c:\Users\администратор\documents\visual studio 2012\Projects\HalfLifeLauncher\HalfLifeLauncher\Debug\link.3744-rc.write.1.tlog
c:\Users\администратор\documents\visual studio 2012\Projects\HalfLifeLauncher\HalfLifeLauncher\Debug\link.3744.read.1.tlog
c:\Users\администратор\documents\visual studio 2012\Projects\HalfLifeLauncher\HalfLifeLauncher\Debug\link.3744.write.1.tlog
c:\Users\администратор\documents\visual studio 2012\Projects\HalfLifeLauncher\HalfLifeLauncher\Debug\link.4060-cvtres.read.1.tlog
c:\Users\администратор\documents\visual studio 2012\Projects\HalfLifeLauncher\HalfLifeLauncher\Debug\link.4060-cvtres.write.1.tlog
c:\Users\администратор\documents\visual studio 2012\Projects\HalfLifeLauncher\HalfLifeLauncher\Debug\link.4060-rc.read.1.tlog
c:\Users\администратор\documents\visual studio 2012\Projects\HalfLifeLauncher\HalfLifeLauncher\Debug\link.4060-rc.write.1.tlog
c:\Users\администратор\documents\visual studio 2012\Projects\HalfLifeLauncher\HalfLifeLauncher\Debug\link.4060.read.1.tlog
c:\Users\администратор\documents\visual studio 2012\Projects\HalfLifeLauncher\HalfLifeLauncher\Debug\link.4060.write.1.tlog
c:\Users\администратор\documents\visual studio 2012\Projects\HalfLifeLauncher\HalfLifeLauncher\Debug\link.4452-cvtres.read.1.tlog
c:\Users\администратор\documents\visual studio 2012\Projects\HalfLifeLauncher\HalfLifeLauncher\Debug\link.4452-cvtres.write.1.tlog
c:\Users\администратор\documents\visual studio 2012\Projects\HalfLifeLauncher\HalfLifeLauncher\Debug\link.4452-rc.read.1.tlog
c:\Users\администратор\documents\visual studio 2012\Projects\HalfLifeLauncher\HalfLifeLauncher\Debug\link.4452-rc.write.1.tlog
c:\Users\администратор\documents\visual studio 2012\Projects\HalfLifeLauncher\HalfLifeLauncher\Debug\link.4452.read.1.tlog
c:\Users\администратор\documents\visual studio 2012\Projects\HalfLifeLauncher\HalfLifeLauncher\Debug\link.4452.write.1.tlog
c:\Users\администратор\documents\visual studio 2012\Projects\HalfLifeLauncher\HalfLifeLauncher\Debug\link.4512-cvtres.read.1.tlog
c:\Users\администратор\documents\visual studio 2012\Projects\HalfLifeLauncher\HalfLifeLauncher\Debug\link.4512-cvtres.write.1.tlog
c:\Users\администратор\documents\visual studio 2012\Projects\HalfLifeLauncher\HalfLifeLauncher\Debug\link.4512-rc.read.1.tlog
c:\Users\администратор\documents\visual studio 2012\Projects\HalfLifeLauncher\HalfLifeLauncher\Debug\link.4512-rc.write.1.tlog
c:\Users\администратор\documents\visual studio 2012\Projects\HalfLifeLauncher\HalfLifeLauncher\Debug\link.4512.read.1.tlog
c:\Users\администратор\documents\visual studio 2012\Projects\HalfLifeLauncher\HalfLifeLauncher\Debug\link.4512.write.1.tlog
c:\Users\администратор\documents\visual studio 2012\Projects\HalfLifeLauncher\HalfLifeLauncher\Debug\link.4548-cvtres.read.1.tlog
c:\Users\администратор\documents\visual studio 2012\Projects\HalfLifeLauncher\HalfLifeLauncher\Debug\link.4548-cvtres.write.1.tlog
c:\Users\администратор\documents\visual studio 2012\Projects\HalfLifeLauncher\HalfLifeLauncher\Debug\link.4548-rc.read.1.tlog
c:\Users\администратор\documents\visual studio 2012\Projects\HalfLifeLauncher\HalfLifeLauncher\Debug\link.4548-rc.write.1.tlog
c:\Users\администратор\documents\visual studio 2012\Projects\HalfLifeLauncher\HalfLifeLauncher\Debug\link.4548.read.1.tlog
c:\Users\администратор\documents\visual studio 2012\Projects\HalfLifeLauncher\HalfLifeLauncher\Debug\link.4548.write.1.tlog
c:\Users\администратор\documents\visual studio 2012\Projects\HalfLifeLauncher\HalfLifeLauncher\Debug\link.872-cvtres.read.1.tlog
c:\Users\администратор\documents\visual studio 2012\Projects\HalfLifeLauncher\HalfLifeLauncher\Debug\link.872-cvtres.write.1.tlog
c:\Users\администратор\documents\visual studio 2012\Projects\HalfLifeLauncher\HalfLifeLauncher\Debug\link.872-rc.read.1.tlog
c:\Users\администратор\documents\visual studio 2012\Projects\HalfLifeLauncher\HalfLifeLauncher\Debug\link.872-rc.write.1.tlog
c:\Users\администратор\documents\visual studio 2012\Projects\HalfLifeLauncher\HalfLifeLauncher\Debug\link.872.read.1.tlog
c:\Users\администратор\documents\visual studio 2012\Projects\HalfLifeLauncher\HalfLifeLauncher\Debug\link.872.write.1.tlog
c:\Users\администратор\documents\visual studio 2012\Projects\HalfLifeLauncher\HalfLifeLauncher\Debug\link.880-cvtres.read.1.tlog
c:\Users\администратор\documents\visual studio 2012\Projects\HalfLifeLauncher\HalfLifeLauncher\Debug\link.880-cvtres.write.1.tlog
c:\Users\администратор\documents\visual studio 2012\Projects\HalfLifeLauncher\HalfLifeLauncher\Debug\link.880-rc.read.1.tlog
c:\Users\администратор\documents\visual studio 2012\Projects\HalfLifeLauncher\HalfLifeLauncher\Debug\link.880-rc.write.1.tlog
c:\Users\администратор\documents\visual studio 2012\Projects\HalfLifeLauncher\HalfLifeLauncher\Debug\link.880.read.1.tlog
c:\Users\администратор\documents\visual studio 2012\Projects\HalfLifeLauncher\HalfLifeLauncher\Debug\link.880.write.1.tlog
c:\Users\администратор\documents\visual studio 2012\Projects\HalfLifeLauncher\HalfLifeLauncher\Debug\link.908-cvtres.read.1.tlog
c:\Users\администратор\documents\visual studio 2012\Projects\HalfLifeLauncher\HalfLifeLauncher\Debug\link.908-cvtres.write.1.tlog
c:\Users\администратор\documents\visual studio 2012\Projects\HalfLifeLauncher\HalfLifeLauncher\Debug\link.908-rc.read.1.tlog
c:\Users\администратор\documents\visual studio 2012\Projects\HalfLifeLauncher\HalfLifeLauncher\Debug\link.908-rc.write.1.tlog
c:\Users\администратор\documents\visual studio 2012\Projects\HalfLifeLauncher\HalfLifeLauncher\Debug\link.908.read.1.tlog
c:\Users\администратор\documents\visual studio 2012\Projects\HalfLifeLauncher\HalfLifeLauncher\Debug\link.908.write.1.tlog
c:\Users\администратор\documents\visual studio 2012\Projects\HalfLifeLauncher\HalfLifeLauncher\Debug\link.command.1.tlog
c:\Users\администратор\documents\visual studio 2012\Projects\HalfLifeLauncher\HalfLifeLauncher\Debug\link.read.1.tlog
c:\Users\администратор\documents\visual studio 2012\Projects\HalfLifeLauncher\HalfLifeLauncher\Debug\link.write.1.tlog
c:\Users\администратор\documents\visual studio 2012\Projects\HalfLifeLauncher\HalfLifeLauncher\Debug\metagen.read.1.tlog
c:\Users\администратор\documents\visual studio 2012\Projects\HalfLifeLauncher\HalfLifeLauncher\Debug\metagen.write.1.tlog
c:\Users\администратор\documents\visual studio 2012\Projects\HalfLifeLauncher\HalfLifeLauncher\Debug\vc110.pdb
c:\Users\администратор\documents\visual studio 2012\Projects\HalfLifeLauncher\HalfLifeLauncher\Debug\RSAENH.DLL.bi
c:\Users\администратор\documents\visual studio 2012\Projects\HalfLifeLauncher\HalfLifeLauncher\Debug\TZRES.DLL.bi
c:\users\администратор\documents\visual studio 2012\Projects\HalfLifeLauncher\Debug\HalfLifeLauncher.pdb
c:\users\администратор\documents\visual studio 2012\Projects\HalfLifeLauncher\Debug\HalfLifeLauncher.exe
c:\users\администратор\documents\visual studio 2012\Projects\HalfLifeLauncher\Debug\HalfLifeLauncher.ilk
